PS C:\HashiCorp> vagrant up
Bringing machine 'cp-k8s' up with 'virtualbox' provider...
Bringing machine 'w1-k8s' up with 'virtualbox' provider...
Bringing machine 'w2-k8s' up with 'virtualbox' provider...
Bringing machine 'w3-k8s' up with 'virtualbox' provider...
==> cp-k8s: Importing base box 'sysnet4admin/Ubuntu-k8s'...
==> cp-k8s: Matching MAC address for NAT networking...
==> cp-k8s: Checking if box 'sysnet4admin/Ubuntu-k8s' version '0.8.0' is up to date...
==> cp-k8s: Setting the name of the VM: cp-k8s(github_SysNet4Admin)
==> cp-k8s: Clearing any previously set network interfaces...
==> cp-k8s: Preparing network interfaces based on configuration...
    cp-k8s: Adapter 1: nat
    cp-k8s: Adapter 2: hostonly
==> cp-k8s: Forwarding ports...
    cp-k8s: 22 (guest) => 60010 (host) (adapter 1)
==> cp-k8s: Running 'pre-boot' VM customizations...
==> cp-k8s: Booting VM...
==> cp-k8s: Waiting for machine to boot. This may take a few minutes...
    cp-k8s: SSH address: 127.0.0.1:60010
    cp-k8s: SSH username: vagrant
    cp-k8s: SSH auth method: private key
    cp-k8s:
    cp-k8s: Vagrant insecure key detected. Vagrant will automatically replace
    cp-k8s: this with a newly generated keypair for better security.
    cp-k8s:
    cp-k8s: Inserting generated public key within guest...
    cp-k8s: Removing insecure key from the guest if it's present...
    cp-k8s: Key inserted! Disconnecting and reconnecting using new SSH key...
==> cp-k8s: Machine booted and ready!
==> cp-k8s: Checking for guest additions in VM...
    cp-k8s: The guest additions on this VM do not match the installed version of
    cp-k8s: VirtualBox! In most cases this is fine, but in rare cases it can
    cp-k8s: prevent things such as shared folders from working properly. If you see
    cp-k8s: shared folder errors, please make sure the guest additions within the
    cp-k8s: virtual machine match the version of VirtualBox you have installed on
    cp-k8s: your host and reload your VM.
    cp-k8s:
    cp-k8s: Guest Additions Version: 6.0.0 r127566
    cp-k8s: VirtualBox Version: 7.0
==> cp-k8s: Setting hostname...
==> cp-k8s: Configuring and enabling network interfaces...
==> cp-k8s: Running provisioner: shell...
    cp-k8s: Running: C:/Users/Hoon/AppData/Local/Temp/vagrant-shell20230422-18128-bvhnll.sh
    cp-k8s: Hit:1 http://kr.archive.ubuntu.com/ubuntu jammy InRelease
    cp-k8s: Get:2 http://kr.archive.ubuntu.com/ubuntu jammy-updates InRelease [119 kB]
    cp-k8s: Get:3 http://kr.archive.ubuntu.com/ubuntu jammy-backports InRelease [108 kB]
    cp-k8s: Get:4 http://kr.archive.ubuntu.com/ubuntu jammy-security InRelease [110 kB]
    cp-k8s: Get:5 http://kr.archive.ubuntu.com/ubuntu jammy-updates/main amd64 Packages [1,031 kB]
    cp-k8s: Get:6 http://kr.archive.ubuntu.com/ubuntu jammy-updates/main Translation-en [216 kB]
    cp-k8s: Get:7 http://kr.archive.ubuntu.com/ubuntu jammy-updates/restricted amd64 Packages [816 kB]
    cp-k8s: Get:8 http://kr.archive.ubuntu.com/ubuntu jammy-updates/restricted Translation-en [128 kB]
    cp-k8s: Get:9 http://kr.archive.ubuntu.com/ubuntu jammy-updates/universe amd64 Packages [902 kB]
    cp-k8s: Get:10 http://kr.archive.ubuntu.com/ubuntu jammy-updates/universe Translation-en [181 kB]
    cp-k8s: Get:11 http://kr.archive.ubuntu.com/ubuntu jammy-updates/multiverse amd64 Packages [24.1 kB]
    cp-k8s: Get:12 http://kr.archive.ubuntu.com/ubuntu jammy-backports/main amd64 Packages [40.9 kB]
    cp-k8s: Get:13 http://kr.archive.ubuntu.com/ubuntu jammy-backports/main Translation-en [10.2 kB]
    cp-k8s: Get:14 http://kr.archive.ubuntu.com/ubuntu jammy-backports/universe amd64 Packages [22.2 kB]
    cp-k8s: Get:15 http://kr.archive.ubuntu.com/ubuntu jammy-backports/universe Translation-en [15.0 kB]
    cp-k8s: Get:16 http://kr.archive.ubuntu.com/ubuntu jammy-security/main amd64 Packages [764 kB]
    cp-k8s: Get:17 http://kr.archive.ubuntu.com/ubuntu jammy-security/main Translation-en [151 kB]
    cp-k8s: Get:18 http://kr.archive.ubuntu.com/ubuntu jammy-security/restricted amd64 Packages [773 kB]
    cp-k8s: Get:19 http://kr.archive.ubuntu.com/ubuntu jammy-security/restricted Translation-en [121 kB]
    cp-k8s: Get:20 http://kr.archive.ubuntu.com/ubuntu jammy-security/universe amd64 Packages [718 kB]
    cp-k8s: Get:21 http://kr.archive.ubuntu.com/ubuntu jammy-security/universe Translation-en [119 kB]
    cp-k8s: Get:22 http://kr.archive.ubuntu.com/ubuntu jammy-security/multiverse amd64 Packages [19.4 kB]
    cp-k8s: Fetched 6,387 kB in 17s (376 kB/s)
    cp-k8s: Reading package lists...
    cp-k8s: Reading package lists...
    cp-k8s: Building dependency tree...
    cp-k8s: Reading state information...
    cp-k8s: The following additional packages will be installed:
    cp-k8s:   distro-info-data
    cp-k8s: The following NEW packages will be installed:
    cp-k8s:   distro-info-data lsb-release
    cp-k8s: 0 upgraded, 2 newly installed, 0 to remove and 27 not upgraded.
    cp-k8s: Need to get 16.0 kB of archives.
    cp-k8s: After this operation, 87.0 kB of additional disk space will be used.
    cp-k8s: Get:1 http://kr.archive.ubuntu.com/ubuntu jammy-updates/main amd64 distro-info-data all 0.52ubuntu0.3 [5,258 B]
    cp-k8s: Get:2 http://kr.archive.ubuntu.com/ubuntu jammy/main amd64 lsb-release all 11.1.0ubuntu4 [10.8 kB]
    cp-k8s: dpkg-preconfigure: unable to re-open stdin: No such file or directory
    cp-k8s: Fetched 16.0 kB in 3s (5,996 B/s)
    cp-k8s: Selecting previously unselected package distro-info-data.
(Reading database ... 64840 files and directories currently installed.)
    cp-k8s: Preparing to unpack .../distro-info-data_0.52ubuntu0.3_all.deb ...
    cp-k8s: Unpacking distro-info-data (0.52ubuntu0.3) ...
    cp-k8s: Selecting previously unselected package lsb-release.
    cp-k8s: Preparing to unpack .../lsb-release_11.1.0ubuntu4_all.deb ...
    cp-k8s: Unpacking lsb-release (11.1.0ubuntu4) ...
    cp-k8s: Setting up distro-info-data (0.52ubuntu0.3) ...
    cp-k8s: Setting up lsb-release (11.1.0ubuntu4) ...
    cp-k8s: Processing triggers for man-db (2.10.2-1) ...
==> cp-k8s: Running provisioner: file...
    cp-k8s: ping_2_nds.sh => ping_2_nds.sh
==> cp-k8s: Running provisioner: shell...
    cp-k8s: Running: C:/Users/Hoon/AppData/Local/Temp/vagrant-shell20230422-18128-1x0btnh.sh
==> w1-k8s: Importing base box 'sysnet4admin/Ubuntu-k8s'...
==> w1-k8s: Matching MAC address for NAT networking...
==> w1-k8s: Checking if box 'sysnet4admin/Ubuntu-k8s' version '0.8.0' is up to date...
==> w1-k8s: Setting the name of the VM: w1-k8s(github_SysNet4Admin)
==> w1-k8s: Clearing any previously set network interfaces...
==> w1-k8s: Preparing network interfaces based on configuration...
    w1-k8s: Adapter 1: nat
    w1-k8s: Adapter 2: hostonly
==> w1-k8s: Forwarding ports...
    w1-k8s: 22 (guest) => 60101 (host) (adapter 1)
==> w1-k8s: Running 'pre-boot' VM customizations...
==> w1-k8s: Booting VM...
==> w1-k8s: Waiting for machine to boot. This may take a few minutes...
    w1-k8s: SSH address: 127.0.0.1:60101
    w1-k8s: SSH username: vagrant
    w1-k8s: SSH auth method: private key
    w1-k8s:
    w1-k8s: Vagrant insecure key detected. Vagrant will automatically replace
    w1-k8s: this with a newly generated keypair for better security.
    w1-k8s:
    w1-k8s: Inserting generated public key within guest...
    w1-k8s: Removing insecure key from the guest if it's present...
    w1-k8s: Key inserted! Disconnecting and reconnecting using new SSH key...
==> w1-k8s: Machine booted and ready!
==> w1-k8s: Checking for guest additions in VM...
    w1-k8s: The guest additions on this VM do not match the installed version of
    w1-k8s: VirtualBox! In most cases this is fine, but in rare cases it can
    w1-k8s: prevent things such as shared folders from working properly. If you see
    w1-k8s: shared folder errors, please make sure the guest additions within the
    w1-k8s: virtual machine match the version of VirtualBox you have installed on
    w1-k8s: your host and reload your VM.
    w1-k8s:
    w1-k8s: Guest Additions Version: 6.0.0 r127566
    w1-k8s: VirtualBox Version: 7.0
==> w1-k8s: Setting hostname...
==> w1-k8s: Configuring and enabling network interfaces...
==> w1-k8s: Running provisioner: shell...
    w1-k8s: Running: C:/Users/Hoon/AppData/Local/Temp/vagrant-shell20230422-18128-1a06ebl.sh
    w1-k8s: Hit:1 http://kr.archive.ubuntu.com/ubuntu jammy InRelease
    w1-k8s: Get:2 http://kr.archive.ubuntu.com/ubuntu jammy-updates InRelease [119 kB]
    w1-k8s: Get:3 http://kr.archive.ubuntu.com/ubuntu jammy-backports InRelease [108 kB]
    w1-k8s: Get:4 http://kr.archive.ubuntu.com/ubuntu jammy-security InRelease [110 kB]
    w1-k8s: Get:5 http://kr.archive.ubuntu.com/ubuntu jammy-updates/main amd64 Packages [1,031 kB]
    w1-k8s: Get:6 http://kr.archive.ubuntu.com/ubuntu jammy-updates/main Translation-en [216 kB]
    w1-k8s: Get:7 http://kr.archive.ubuntu.com/ubuntu jammy-updates/restricted amd64 Packages [816 kB]
    w1-k8s: Get:8 http://kr.archive.ubuntu.com/ubuntu jammy-updates/restricted Translation-en [128 kB]
    w1-k8s: Get:9 http://kr.archive.ubuntu.com/ubuntu jammy-updates/universe amd64 Packages [902 kB]
    w1-k8s: Get:10 http://kr.archive.ubuntu.com/ubuntu jammy-updates/universe Translation-en [181 kB]
    w1-k8s: Get:11 http://kr.archive.ubuntu.com/ubuntu jammy-updates/multiverse amd64 Packages [24.1 kB]
    w1-k8s: Get:12 http://kr.archive.ubuntu.com/ubuntu jammy-backports/main amd64 Packages [40.9 kB]
    w1-k8s: Get:13 http://kr.archive.ubuntu.com/ubuntu jammy-backports/main Translation-en [10.2 kB]
    w1-k8s: Get:14 http://kr.archive.ubuntu.com/ubuntu jammy-backports/universe amd64 Packages [22.2 kB]
    w1-k8s: Get:15 http://kr.archive.ubuntu.com/ubuntu jammy-backports/universe Translation-en [15.0 kB]
    w1-k8s: Get:16 http://kr.archive.ubuntu.com/ubuntu jammy-security/main amd64 Packages [764 kB]
    w1-k8s: Get:17 http://kr.archive.ubuntu.com/ubuntu jammy-security/main Translation-en [151 kB]
    w1-k8s: Get:18 http://kr.archive.ubuntu.com/ubuntu jammy-security/restricted amd64 Packages [773 kB]
    w1-k8s: Get:19 http://kr.archive.ubuntu.com/ubuntu jammy-security/restricted Translation-en [121 kB]
    w1-k8s: Get:20 http://kr.archive.ubuntu.com/ubuntu jammy-security/universe amd64 Packages [718 kB]
    w1-k8s: Get:21 http://kr.archive.ubuntu.com/ubuntu jammy-security/universe Translation-en [119 kB]
    w1-k8s: Get:22 http://kr.archive.ubuntu.com/ubuntu jammy-security/multiverse amd64 Packages [19.4 kB]
    w1-k8s: Fetched 6,387 kB in 17s (376 kB/s)
    w1-k8s: Reading package lists...
    w1-k8s: Reading package lists...
    w1-k8s: Building dependency tree...
    w1-k8s: Reading state information...
    w1-k8s: The following additional packages will be installed:
    w1-k8s:   distro-info-data
    w1-k8s: The following NEW packages will be installed:
    w1-k8s:   distro-info-data lsb-release
    w1-k8s: 0 upgraded, 2 newly installed, 0 to remove and 27 not upgraded.
    w1-k8s: Need to get 16.0 kB of archives.
    w1-k8s: After this operation, 87.0 kB of additional disk space will be used.
    w1-k8s: Get:1 http://kr.archive.ubuntu.com/ubuntu jammy-updates/main amd64 distro-info-data all 0.52ubuntu0.3 [5,258 B]
    w1-k8s: Get:2 http://kr.archive.ubuntu.com/ubuntu jammy/main amd64 lsb-release all 11.1.0ubuntu4 [10.8 kB]
    w1-k8s: dpkg-preconfigure: unable to re-open stdin: No such file or directory
    w1-k8s: Fetched 16.0 kB in 3s (5,982 B/s)
    w1-k8s: Selecting previously unselected package distro-info-data.
(Reading database ... 64840 files and directories currently installed.)
    w1-k8s: Preparing to unpack .../distro-info-data_0.52ubuntu0.3_all.deb ...
    w1-k8s: Unpacking distro-info-data (0.52ubuntu0.3) ...
    w1-k8s: Selecting previously unselected package lsb-release.
    w1-k8s: Preparing to unpack .../lsb-release_11.1.0ubuntu4_all.deb ...
    w1-k8s: Unpacking lsb-release (11.1.0ubuntu4) ...
    w1-k8s: Setting up distro-info-data (0.52ubuntu0.3) ...
    w1-k8s: Setting up lsb-release (11.1.0ubuntu4) ...
    w1-k8s: Processing triggers for man-db (2.10.2-1) ...
==> w2-k8s: Importing base box 'sysnet4admin/Ubuntu-k8s'...
==> w2-k8s: Matching MAC address for NAT networking...
==> w2-k8s: Checking if box 'sysnet4admin/Ubuntu-k8s' version '0.8.0' is up to date...
==> w2-k8s: Setting the name of the VM: w2-k8s(github_SysNet4Admin)
==> w2-k8s: Clearing any previously set network interfaces...
==> w2-k8s: Preparing network interfaces based on configuration...
    w2-k8s: Adapter 1: nat
    w2-k8s: Adapter 2: hostonly
==> w2-k8s: Forwarding ports...
    w2-k8s: 22 (guest) => 60102 (host) (adapter 1)
==> w2-k8s: Running 'pre-boot' VM customizations...
==> w2-k8s: Booting VM...
==> w2-k8s: Waiting for machine to boot. This may take a few minutes...
    w2-k8s: SSH address: 127.0.0.1:60102
    w2-k8s: SSH username: vagrant
    w2-k8s: SSH auth method: private key
    w2-k8s:
    w2-k8s: Vagrant insecure key detected. Vagrant will automatically replace
    w2-k8s: this with a newly generated keypair for better security.
    w2-k8s:
    w2-k8s: Inserting generated public key within guest...
    w2-k8s: Removing insecure key from the guest if it's present...
    w2-k8s: Key inserted! Disconnecting and reconnecting using new SSH key...
==> w2-k8s: Machine booted and ready!
==> w2-k8s: Checking for guest additions in VM...
    w2-k8s: The guest additions on this VM do not match the installed version of
    w2-k8s: VirtualBox! In most cases this is fine, but in rare cases it can
    w2-k8s: prevent things such as shared folders from working properly. If you see
    w2-k8s: shared folder errors, please make sure the guest additions within the
    w2-k8s: virtual machine match the version of VirtualBox you have installed on
    w2-k8s: your host and reload your VM.
    w2-k8s:
    w2-k8s: Guest Additions Version: 6.0.0 r127566
    w2-k8s: VirtualBox Version: 7.0
==> w2-k8s: Setting hostname...
==> w2-k8s: Configuring and enabling network interfaces...
==> w2-k8s: Running provisioner: shell...
    w2-k8s: Running: C:/Users/Hoon/AppData/Local/Temp/vagrant-shell20230422-18128-18jxhnd.sh
    w2-k8s: Hit:1 http://kr.archive.ubuntu.com/ubuntu jammy InRelease
    w2-k8s: Get:2 http://kr.archive.ubuntu.com/ubuntu jammy-updates InRelease [119 kB]
    w2-k8s: Get:3 http://kr.archive.ubuntu.com/ubuntu jammy-backports InRelease [108 kB]
    w2-k8s: Get:4 http://kr.archive.ubuntu.com/ubuntu jammy-security InRelease [110 kB]
    w2-k8s: Get:5 http://kr.archive.ubuntu.com/ubuntu jammy-updates/main amd64 Packages [1,031 kB]
    w2-k8s: Get:6 http://kr.archive.ubuntu.com/ubuntu jammy-updates/main Translation-en [216 kB]
    w2-k8s: Get:7 http://kr.archive.ubuntu.com/ubuntu jammy-updates/restricted amd64 Packages [816 kB]
    w2-k8s: Get:8 http://kr.archive.ubuntu.com/ubuntu jammy-updates/restricted Translation-en [128 kB]
    w2-k8s: Get:9 http://kr.archive.ubuntu.com/ubuntu jammy-updates/universe amd64 Packages [902 kB]
    w2-k8s: Get:10 http://kr.archive.ubuntu.com/ubuntu jammy-updates/universe Translation-en [181 kB]
    w2-k8s: Get:11 http://kr.archive.ubuntu.com/ubuntu jammy-updates/multiverse amd64 Packages [24.1 kB]
    w2-k8s: Get:12 http://kr.archive.ubuntu.com/ubuntu jammy-backports/main amd64 Packages [40.9 kB]
    w2-k8s: Get:13 http://kr.archive.ubuntu.com/ubuntu jammy-backports/main Translation-en [10.2 kB]
    w2-k8s: Get:14 http://kr.archive.ubuntu.com/ubuntu jammy-backports/universe amd64 Packages [22.2 kB]
    w2-k8s: Get:15 http://kr.archive.ubuntu.com/ubuntu jammy-backports/universe Translation-en [15.0 kB]
    w2-k8s: Get:16 http://kr.archive.ubuntu.com/ubuntu jammy-security/main amd64 Packages [764 kB]
    w2-k8s: Get:17 http://kr.archive.ubuntu.com/ubuntu jammy-security/main Translation-en [151 kB]
    w2-k8s: Get:18 http://kr.archive.ubuntu.com/ubuntu jammy-security/restricted amd64 Packages [773 kB]
    w2-k8s: Get:19 http://kr.archive.ubuntu.com/ubuntu jammy-security/restricted Translation-en [121 kB]
    w2-k8s: Get:20 http://kr.archive.ubuntu.com/ubuntu jammy-security/universe amd64 Packages [718 kB]
    w2-k8s: Get:21 http://kr.archive.ubuntu.com/ubuntu jammy-security/universe Translation-en [119 kB]
    w2-k8s: Get:22 http://kr.archive.ubuntu.com/ubuntu jammy-security/multiverse amd64 Packages [19.4 kB]
    w2-k8s: Fetched 6,387 kB in 26s (245 kB/s)
    w2-k8s: Reading package lists...
    w2-k8s: Reading package lists...
    w2-k8s: Building dependency tree...
    w2-k8s: Reading state information...
    w2-k8s: The following additional packages will be installed:
    w2-k8s:   distro-info-data
    w2-k8s: The following NEW packages will be installed:
    w2-k8s:   distro-info-data lsb-release
    w2-k8s: 0 upgraded, 2 newly installed, 0 to remove and 27 not upgraded.
    w2-k8s: Need to get 16.0 kB of archives.
    w2-k8s: After this operation, 87.0 kB of additional disk space will be used.
    w2-k8s: Get:1 http://kr.archive.ubuntu.com/ubuntu jammy-updates/main amd64 distro-info-data all 0.52ubuntu0.3 [5,258 B]
    w2-k8s: Get:2 http://kr.archive.ubuntu.com/ubuntu jammy/main amd64 lsb-release all 11.1.0ubuntu4 [10.8 kB]
    w2-k8s: dpkg-preconfigure: unable to re-open stdin: No such file or directory
    w2-k8s: Fetched 16.0 kB in 3s (6,045 B/s)
    w2-k8s: Selecting previously unselected package distro-info-data.
(Reading database ... 64840 files and directories currently installed.)
    w2-k8s: Preparing to unpack .../distro-info-data_0.52ubuntu0.3_all.deb ...
    w2-k8s: Unpacking distro-info-data (0.52ubuntu0.3) ...
    w2-k8s: Selecting previously unselected package lsb-release.
    w2-k8s: Preparing to unpack .../lsb-release_11.1.0ubuntu4_all.deb ...
    w2-k8s: Unpacking lsb-release (11.1.0ubuntu4) ...
    w2-k8s: Setting up distro-info-data (0.52ubuntu0.3) ...
    w2-k8s: Setting up lsb-release (11.1.0ubuntu4) ...
    w2-k8s: Processing triggers for man-db (2.10.2-1) ...
==> w3-k8s: Importing base box 'sysnet4admin/Ubuntu-k8s'...
==> w3-k8s: Matching MAC address for NAT networking...
==> w3-k8s: Checking if box 'sysnet4admin/Ubuntu-k8s' version '0.8.0' is up to date...
==> w3-k8s: Setting the name of the VM: w3-k8s(github_SysNet4Admin)
==> w3-k8s: Clearing any previously set network interfaces...
==> w3-k8s: Preparing network interfaces based on configuration...
    w3-k8s: Adapter 1: nat
    w3-k8s: Adapter 2: hostonly
==> w3-k8s: Forwarding ports...
    w3-k8s: 22 (guest) => 60103 (host) (adapter 1)
==> w3-k8s: Running 'pre-boot' VM customizations...
==> w3-k8s: Booting VM...
==> w3-k8s: Waiting for machine to boot. This may take a few minutes...
    w3-k8s: SSH address: 127.0.0.1:60103
    w3-k8s: SSH username: vagrant
    w3-k8s: SSH auth method: private key
    w3-k8s:
    w3-k8s: Vagrant insecure key detected. Vagrant will automatically replace
    w3-k8s: this with a newly generated keypair for better security.
    w3-k8s:
    w3-k8s: Inserting generated public key within guest...
    w3-k8s: Removing insecure key from the guest if it's present...
    w3-k8s: Key inserted! Disconnecting and reconnecting using new SSH key...
==> w3-k8s: Machine booted and ready!
==> w3-k8s: Checking for guest additions in VM...
    w3-k8s: The guest additions on this VM do not match the installed version of
    w3-k8s: VirtualBox! In most cases this is fine, but in rare cases it can
    w3-k8s: prevent things such as shared folders from working properly. If you see
    w3-k8s: shared folder errors, please make sure the guest additions within the
    w3-k8s: virtual machine match the version of VirtualBox you have installed on
    w3-k8s: your host and reload your VM.
    w3-k8s:
    w3-k8s: Guest Additions Version: 6.0.0 r127566
    w3-k8s: VirtualBox Version: 7.0
==> w3-k8s: Setting hostname...
==> w3-k8s: Configuring and enabling network interfaces...
==> w3-k8s: Running provisioner: shell...
    w3-k8s: Running: C:/Users/Hoon/AppData/Local/Temp/vagrant-shell20230422-18128-1amxeje.sh
    w3-k8s: Hit:1 http://kr.archive.ubuntu.com/ubuntu jammy InRelease
    w3-k8s: Get:2 http://kr.archive.ubuntu.com/ubuntu jammy-updates InRelease [119 kB]
    w3-k8s: Get:3 http://kr.archive.ubuntu.com/ubuntu jammy-backports InRelease [108 kB]
    w3-k8s: Get:4 http://kr.archive.ubuntu.com/ubuntu jammy-security InRelease [110 kB]
    w3-k8s: Get:5 http://kr.archive.ubuntu.com/ubuntu jammy-updates/main amd64 Packages [1,031 kB]
    w3-k8s: Get:6 http://kr.archive.ubuntu.com/ubuntu jammy-updates/main Translation-en [216 kB]
    w3-k8s: Get:7 http://kr.archive.ubuntu.com/ubuntu jammy-updates/restricted amd64 Packages [816 kB]
    w3-k8s: Get:8 http://kr.archive.ubuntu.com/ubuntu jammy-updates/restricted Translation-en [128 kB]
    w3-k8s: Get:9 http://kr.archive.ubuntu.com/ubuntu jammy-updates/universe amd64 Packages [902 kB]
    w3-k8s: Get:10 http://kr.archive.ubuntu.com/ubuntu jammy-updates/universe Translation-en [181 kB]
    w3-k8s: Get:11 http://kr.archive.ubuntu.com/ubuntu jammy-updates/multiverse amd64 Packages [24.1 kB]
    w3-k8s: Get:12 http://kr.archive.ubuntu.com/ubuntu jammy-backports/main amd64 Packages [40.9 kB]
    w3-k8s: Get:13 http://kr.archive.ubuntu.com/ubuntu jammy-backports/main Translation-en [10.2 kB]
    w3-k8s: Get:14 http://kr.archive.ubuntu.com/ubuntu jammy-backports/universe amd64 Packages [22.2 kB]
    w3-k8s: Get:15 http://kr.archive.ubuntu.com/ubuntu jammy-backports/universe Translation-en [15.0 kB]
    w3-k8s: Get:16 http://kr.archive.ubuntu.com/ubuntu jammy-security/main amd64 Packages [764 kB]
    w3-k8s: Get:17 http://kr.archive.ubuntu.com/ubuntu jammy-security/main Translation-en [151 kB]
    w3-k8s: Get:18 http://kr.archive.ubuntu.com/ubuntu jammy-security/restricted amd64 Packages [773 kB]
    w3-k8s: Get:19 http://kr.archive.ubuntu.com/ubuntu jammy-security/restricted Translation-en [121 kB]
    w3-k8s: Get:20 http://kr.archive.ubuntu.com/ubuntu jammy-security/universe amd64 Packages [718 kB]
    w3-k8s: Get:21 http://kr.archive.ubuntu.com/ubuntu jammy-security/universe Translation-en [119 kB]
    w3-k8s: Get:22 http://kr.archive.ubuntu.com/ubuntu jammy-security/multiverse amd64 Packages [19.4 kB]
    w3-k8s: Fetched 6,387 kB in 27s (233 kB/s)
    w3-k8s: Reading package lists...
    w3-k8s: Reading package lists...
    w3-k8s: Building dependency tree...
    w3-k8s: Reading state information...
    w3-k8s: The following additional packages will be installed:
    w3-k8s:   distro-info-data
    w3-k8s: The following NEW packages will be installed:
    w3-k8s:   distro-info-data lsb-release
    w3-k8s: 0 upgraded, 2 newly installed, 0 to remove and 27 not upgraded.
    w3-k8s: Need to get 16.0 kB of archives.
    w3-k8s: After this operation, 87.0 kB of additional disk space will be used.
    w3-k8s: Get:1 http://kr.archive.ubuntu.com/ubuntu jammy-updates/main amd64 distro-info-data all 0.52ubuntu0.3 [5,258 B]
    w3-k8s: Get:2 http://kr.archive.ubuntu.com/ubuntu jammy/main amd64 lsb-release all 11.1.0ubuntu4 [10.8 kB]
    w3-k8s: dpkg-preconfigure: unable to re-open stdin: No such file or directory
    w3-k8s: Fetched 16.0 kB in 5s (3,076 B/s)
    w3-k8s: Selecting previously unselected package distro-info-data.
(Reading database ... 64840 files and directories currently installed.)
    w3-k8s: Preparing to unpack .../distro-info-data_0.52ubuntu0.3_all.deb ...
    w3-k8s: Unpacking distro-info-data (0.52ubuntu0.3) ...
    w3-k8s: Selecting previously unselected package lsb-release.
    w3-k8s: Preparing to unpack .../lsb-release_11.1.0ubuntu4_all.deb ...
    w3-k8s: Unpacking lsb-release (11.1.0ubuntu4) ...
    w3-k8s: Setting up distro-info-data (0.52ubuntu0.3) ...
    w3-k8s: Setting up lsb-release (11.1.0ubuntu4) ...
    w3-k8s: Processing triggers for man-db (2.10.2-1) ...