PS C:\HashiCorp> vagrant up
Bringing machine 'default' up with 'virtualbox' provider...
==> default: Importing base box 'sysnet4admin/Ubuntu-k8s'...
==> default: Matching MAC address for NAT networking...
==> default: Checking if box 'sysnet4admin/Ubuntu-k8s' version '0.8.0' is up to date...
==> default: Setting the name of the VM: HashiCorp_default_1681807794803_24425
==> default: Clearing any previously set network interfaces...
==> default: Preparing network interfaces based on configuration...
    default: Adapter 1: nat
==> default: Forwarding ports...
    default: 22 (guest) => 2222 (host) (adapter 1)
==> default: Booting VM...
==> default: Waiting for machine to boot. This may take a few minutes...
    default: SSH address: 127.0.0.1:2222
    default: SSH username: vagrant
    default: SSH auth method: private key
    default:
    default: Vagrant insecure key detected. Vagrant will automatically replace
    default: this with a newly generated keypair for better security.
    default:
    default: Inserting generated public key within guest...
    default: Removing insecure key from the guest if it's present...
    default: Key inserted! Disconnecting and reconnecting using new SSH key...
==> default: Machine booted and ready!
==> default: Checking for guest additions in VM...
    default: The guest additions on this VM do not match the installed version of
    default: VirtualBox! In most cases this is fine, but in rare cases it can
    default: prevent things such as shared folders from working properly. If you see
    default: shared folder errors, please make sure the guest additions within the
    default: virtual machine match the version of VirtualBox you have installed on
    default: your host and reload your VM.
    default:
    default: Guest Additions Version: 6.0.0 r127566
    default: VirtualBox Version: 7.0
==> default: Mounting shared folders...
    default: /vagrant => C:/HashiCorp