PS C:\HashiCorp> vagrant up
Bringing machine 'cp-k8s' up with 'virtualbox' provider...
==> cp-k8s: Importing base box 'sysnet4admin/Ubuntu-k8s'...
==> cp-k8s: Matching MAC address for NAT networking...
==> cp-k8s: Checking if box 'sysnet4admin/Ubuntu-k8s' version '0.8.0' is up to date...
==> cp-k8s: Setting the name of the VM: cp-k8s(github_SysNet4Admin)
==> cp-k8s: Clearing any previously set network interfaces...
==> cp-k8s: Preparing network interfaces based on configuration...
    cp-k8s: Adapter 1: nat
    cp-k8s: Adapter 2: hostonly
==> cp-k8s: Forwarding ports...
    cp-k8s: 22 (guest) => 60010 (host) (adapter 1)
==> cp-k8s: Running 'pre-boot' VM customizations...
==> cp-k8s: Booting VM...
==> cp-k8s: Waiting for machine to boot. This may take a few minutes...
    cp-k8s: SSH address: 127.0.0.1:60010
    cp-k8s: SSH username: vagrant
    cp-k8s: SSH auth method: private key
    cp-k8s:
    cp-k8s: Vagrant insecure key detected. Vagrant will automatically replace
    cp-k8s: this with a newly generated keypair for better security.
    cp-k8s:
    cp-k8s: Inserting generated public key within guest...
    cp-k8s: Removing insecure key from the guest if it's present...
    cp-k8s: Key inserted! Disconnecting and reconnecting using new SSH key...
==> cp-k8s: Machine booted and ready!
==> cp-k8s: Checking for guest additions in VM...
    cp-k8s: The guest additions on this VM do not match the installed version of
    cp-k8s: VirtualBox! In most cases this is fine, but in rare cases it can
    cp-k8s: prevent things such as shared folders from working properly. If you see
    cp-k8s: shared folder errors, please make sure the guest additions within the
    cp-k8s: virtual machine match the version of VirtualBox you have installed on
    cp-k8s: your host and reload your VM.
    cp-k8s:
    cp-k8s: Guest Additions Version: 6.0.0 r127566
    cp-k8s: VirtualBox Version: 7.0
==> cp-k8s: Setting hostname...
==> cp-k8s: Configuring and enabling network interfaces...